<?xml version="1.0" encoding="UTF-8"?>
<!-- Generated by org.testng.reporters.JUnitXMLReporter -->
<testsuite ignored="0" hostname="MANSINGH" failures="0" tests="4" name="Default test" time="1.625" errors="0" timestamp="2023-12-18T23:58:25 IST">
  <testcase classname="org.eva.vtigercrm5.utils.DataDrivenApproachByManSingh" name="TestData" time="1.36"/>
  <testcase classname="org.eva.vtigercrm5.utils.DataDrivenApproachByManSingh" name="verifyVT001CreateAccount" time="0.008"/>
  <testcase classname="org.eva.vtigercrm5.utils.DataDrivenApproachByManSingh" name="verifyVT001CreateAccount" time="0.008"/>
  <testcase classname="org.eva.vtigercrm5.utils.DataDrivenApproachByManSingh" name="verifyVT001CreateAccount" time="0.008"/>
</testsuite> <!-- Default test -->
