<?xml version="1.0" encoding="UTF-8"?>
<!-- Generated by org.testng.reporters.JUnitXMLReporter -->
<testsuite ignored="0" hostname="MANSINGH" failures="0" tests="4" name="Test" time="3.883" errors="0" timestamp="2023-12-19T00:45:01 IST">
  <testcase classname="org.eva.vtigercrm5.core.BaseTest" name="@BeforeClass beforeTestCases" time="2.778">
    <failure type="java.lang.NullPointerException" message="Cannot invoke &amp;quot;org.openqa.selenium.WebDriver.get(String)&amp;quot; because &amp;quot;this.driver&amp;quot; is null">
      <![CDATA[java.lang.NullPointerException: Cannot invoke "org.openqa.selenium.WebDriver.get(String)" because "this.driver" is null
at org.eva.vtigercrm5.utils.WebUtil.openUrl(WebUtil.java:594)
at org.eva.vtigercrm5.core.BaseTest.beforeTestCases(BaseTest.java:64)
at java.base/java.util.ArrayList.forEach(ArrayList.java:1511)
... Removed 23 stack frames]]>
    </failure>
  </testcase> <!-- @BeforeClass beforeTestCases -->
  <testcase classname="org.eva.vtigercrm5.core.BaseTest" name="@BeforeMethod beforeMethod" time="0.0">
    <skipped/>
  </testcase> <!-- @BeforeMethod beforeMethod -->
  <testcase classname="org.eva.vtigercrm5.core.BaseTest" name="@AfterMethod afterMethod" time="0.0">
    <skipped/>
  </testcase> <!-- @AfterMethod afterMethod -->
  <testcase classname="org.eva.vtigercrm5.core.BaseTest" name="@BeforeMethod beforeMethod" time="0.0">
    <skipped/>
  </testcase> <!-- @BeforeMethod beforeMethod -->
  <testcase classname="org.eva.vtigercrm5.core.BaseTest" name="@AfterMethod afterMethod" time="0.0">
    <skipped/>
  </testcase> <!-- @AfterMethod afterMethod -->
  <testcase classname="org.eva.vtigercrm5.core.BaseTest" name="@BeforeMethod beforeMethod" time="0.0">
    <skipped/>
  </testcase> <!-- @BeforeMethod beforeMethod -->
  <testcase classname="org.eva.vtigercrm5.core.BaseTest" name="@AfterMethod afterMethod" time="0.0">
    <skipped/>
  </testcase> <!-- @AfterMethod afterMethod -->
  <testcase classname="org.eva.vtigercrm5.core.BaseTest" name="@BeforeMethod beforeMethod" time="0.0">
    <skipped/>
  </testcase> <!-- @BeforeMethod beforeMethod -->
  <testcase classname="org.eva.vtigercrm5.core.BaseTest" name="@AfterMethod afterMethod" time="0.0">
    <skipped/>
  </testcase> <!-- @AfterMethod afterMethod -->
  <testcase classname="org.eva.vtigercrm5.core.BaseTest" name="@AfterClass afterClass" time="0.0">
    <skipped/>
  </testcase> <!-- @AfterClass afterClass -->
  <testcase classname="org.eva.vtigercrm5.inventorytestscripts.InventryInvoiceTestScripts" name="verifyVT0010AccountAndContactAddOnInvoiceForm" time="0.0">
    <skipped/>
  </testcase> <!-- verifyVT0010AccountAndContactAddOnInvoiceForm -->
  <testcase classname="org.eva.vtigercrm5.inventorytestscripts.InventryInvoiceTestScripts" name="verifyVT0010AccountAndContactAddOnInvoiceForm" time="0.0">
    <skipped/>
  </testcase> <!-- verifyVT0010AccountAndContactAddOnInvoiceForm -->
  <testcase classname="org.eva.vtigercrm5.inventorytestscripts.InventryInvoiceTestScripts" name="verifyVT0010AccountAndContactAddOnInvoiceForm" time="0.0">
    <skipped/>
  </testcase> <!-- verifyVT0010AccountAndContactAddOnInvoiceForm -->
  <testcase classname="org.eva.vtigercrm5.inventorytestscripts.InventryInvoiceTestScripts" name="verifyVT0010AccountAndContactAddOnInvoiceForm" time="0.0">
    <skipped/>
  </testcase> <!-- verifyVT0010AccountAndContactAddOnInvoiceForm -->
</testsuite> <!-- Test -->
