<?xml version="1.0" encoding="UTF-8"?>
<testng-results ignored="0" total="4" passed="4" failed="0" skipped="0">
  <reporter-output>
  </reporter-output>
  <suite started-at="2023-12-18T23:58:23 IST" name="Default suite" finished-at="2023-12-18T23:58:24 IST" duration-ms="1625">
    <groups>
    </groups>
    <test started-at="2023-12-18T23:58:23 IST" name="Default test" finished-at="2023-12-18T23:58:24 IST" duration-ms="1625">
      <class name="org.eva.vtigercrm5.utils.DataDrivenApproachByManSingh">
        <test-method signature="TestData()[pri:1, instance:org.eva.vtigercrm5.utils.DataDrivenApproachByManSingh@3270d194]" started-at="2023-12-18T23:58:23 IST" name="TestData" finished-at="2023-12-18T23:58:24 IST" duration-ms="1360" status="PASS">
          <reporter-output>
          </reporter-output>
        </test-method> <!-- TestData -->
        <test-method signature="verifyVT001CreateAccount(java.lang.Object)[pri:2, instance:org.eva.vtigercrm5.utils.DataDrivenApproachByManSingh@3270d194]" started-at="2023-12-18T23:58:24 IST" name="verifyVT001CreateAccount" data-provider="getData" finished-at="2023-12-18T23:58:24 IST" duration-ms="8" status="PASS">
          <params>
            <param index="0">
              <value>
                <![CDATA[{billingPoBox=Noida, shippingCity=Bhadohi, discription=Do work Until you do it, billingState=Utter Pradesh, shippingPostalCode=mondh, shippingPoBox=Bhadohi  mondh, phone=8081157129, billingPostalCode=Noida, shippingCountry=India, shippingAddress=Bhadohi shant ravidas nagar, shippingState=utter pradesh, billingCountry=India, billingAddress=Noida sector 4, fax=printing copy, email=mansingh.tester28@gmail.com, billingCity=Noida, AccountName=Man Singh}]]>
              </value>
            </param>
          </params>
          <reporter-output>
          </reporter-output>
        </test-method> <!-- verifyVT001CreateAccount -->
        <test-method signature="verifyVT001CreateAccount(java.lang.Object)[pri:2, instance:org.eva.vtigercrm5.utils.DataDrivenApproachByManSingh@3270d194]" started-at="2023-12-18T23:58:24 IST" name="verifyVT001CreateAccount" data-provider="getData" finished-at="2023-12-18T23:58:24 IST" duration-ms="8" status="PASS">
          <params>
            <param index="0">
              <value>
                <![CDATA[{billingPoBox=Noida, shippingCity=Bhadohi, discription=Do work Until you do it, billingState=Utter Pradesh, shippingPostalCode=mondh, shippingPoBox=Bhadohi  mondh, phone=8081157129, billingPostalCode=Noida, shippingCountry=India, shippingAddress=Bhadohi shant ravidas nagar, shippingState=utter pradesh, billingCountry=India, billingAddress=Noida sector 5, fax=printing copy, email=mansingh.tester28@gmail.com, billingCity=Noida, AccountName=Akash pal}]]>
              </value>
            </param>
          </params>
          <reporter-output>
          </reporter-output>
        </test-method> <!-- verifyVT001CreateAccount -->
        <test-method signature="verifyVT001CreateAccount(java.lang.Object)[pri:2, instance:org.eva.vtigercrm5.utils.DataDrivenApproachByManSingh@3270d194]" started-at="2023-12-18T23:58:24 IST" name="verifyVT001CreateAccount" data-provider="getData" finished-at="2023-12-18T23:58:24 IST" duration-ms="8" status="PASS">
          <params>
            <param index="0">
              <value>
                <![CDATA[{billingPoBox=Noida, shippingCity=Bhadohi, discription=Do work Until you do it, billingState=Utter Pradesh, shippingPostalCode=mondh, shippingPoBox=Bhadohi  mondh, phone=8081157129, billingPostalCode=Noida, shippingCountry=Nepal, shippingAddress=Bhadohi shant ravidas nagar, shippingState=utter pradesh, billingCountry=India, billingAddress=Noida sector 5, fax=printing copy, email=kundesh.tester29@gmail.com, billingCity=Noida, AccountName= kundesh Yadav}]]>
              </value>
            </param>
          </params>
          <reporter-output>
          </reporter-output>
        </test-method> <!-- verifyVT001CreateAccount -->
      </class> <!-- org.eva.vtigercrm5.utils.DataDrivenApproachByManSingh -->
    </test> <!-- Default test -->
  </suite> <!-- Default suite -->
</testng-results>
