<?xml version="1.0" encoding="UTF-8"?>
<testng-results ignored="0" total="2" passed="2" failed="0" skipped="0">
  <reporter-output>
  </reporter-output>
  <suite started-at="2023-12-21T15:17:19 IST" name="Default suite" finished-at="2023-12-21T15:17:19 IST" duration-ms="99">
    <groups>
    </groups>
    <test started-at="2023-12-21T15:17:19 IST" name="Default test" finished-at="2023-12-21T15:17:19 IST" duration-ms="99">
      <class name="org.eva.vtigercrm5.core.DataProviderConcept">
        <test-method signature="checkData(java.lang.String,java.lang.String,java.lang.String,java.lang.String)[pri:2, instance:org.eva.vtigercrm5.core.DataProviderConcept@47eaca72]" started-at="2023-12-21T15:17:19 IST" name="checkData" data-provider="personalData" finished-at="2023-12-21T15:17:19 IST" duration-ms="20" status="PASS">
          <params>
            <param index="0">
              <value>
                <![CDATA[man]]>
              </value>
            </param>
            <param index="1">
              <value>
                <![CDATA[satyendra]]>
              </value>
            </param>
            <param index="2">
              <value>
                <![CDATA[akash]]>
              </value>
            </param>
            <param index="3">
              <value>
                <![CDATA[arif]]>
              </value>
            </param>
          </params>
          <reporter-output>
          </reporter-output>
        </test-method> <!-- checkData -->
        <test-method signature="checkData(java.lang.String,java.lang.String,java.lang.String,java.lang.String)[pri:2, instance:org.eva.vtigercrm5.core.DataProviderConcept@47eaca72]" started-at="2023-12-21T15:17:19 IST" name="checkData" data-provider="personalData" finished-at="2023-12-21T15:17:19 IST" duration-ms="4" status="PASS">
          <params>
            <param index="0">
              <value>
                <![CDATA[Anil]]>
              </value>
            </param>
            <param index="1">
              <value>
                <![CDATA[virendra]]>
              </value>
            </param>
            <param index="2">
              <value>
                <![CDATA[kundesh]]>
              </value>
            </param>
            <param index="3">
              <value>
                <![CDATA[ravindra]]>
              </value>
            </param>
          </params>
          <reporter-output>
          </reporter-output>
        </test-method> <!-- checkData -->
      </class> <!-- org.eva.vtigercrm5.core.DataProviderConcept -->
    </test> <!-- Default test -->
  </suite> <!-- Default suite -->
</testng-results>
